[2022-05-13 15:25:36,078: INFO/MainProcess] Connected to amqp://guest:**@127.0.0.1:5672//
[2022-05-13 15:25:36,328: INFO/MainProcess] mingle: searching for neighbors
[2022-05-13 15:25:37,197: INFO/Worker-1] child process 7520 calling self.run()
[2022-05-13 15:25:37,244: INFO/Worker-1] child process 5872 calling self.run()
[2022-05-13 15:25:37,587: INFO/Worker-1] child process 252 calling self.run()
[2022-05-13 15:25:37,758: INFO/MainProcess] mingle: all alone
[2022-05-13 15:25:38,024: WARNING/MainProcess] C:\Users\ubuntu\AppData\Local\Programs\Python\Python36\lib\site-packages\celery\fixups\django.py:265: UserWarning: Using settings.DEBUG leads to a memory leak, never use this setting in production environments!
  warnings.warn('Using settings.DEBUG leads to a memory leak, never '
[2022-05-13 15:25:38,024: WARNING/MainProcess] celery@ubuntu-PC ready.
[2022-05-13 15:25:51,066: INFO/MainProcess] Received task: Product.tasks.SplitTask[d28cb342-e6d1-4fc8-b78d-a4b581899c1b]
[2022-05-13 15:25:51,144: INFO/MainProcess] Task Product.tasks.SplitTask[d28cb342-e6d1-4fc8-b78d-a4b581899c1b] succeeded in 0.07800000067800283s: None
[2022-05-13 15:25:51,144: INFO/MainProcess] Received task: Product.tasks.SplitTaskRunning[bf4a4276-ecb4-4710-b305-35bb0ff47a1b]
[2022-05-13 15:25:51,144: INFO/MainProcess] Received task: Product.tasks.SplitTaskRan[baf96323-a56a-48a3-8b08-50c3994d587d]
2022-05-13 15:26:00,319 - 计时 - INFO - 2557ms
[2022-05-13 15:26:00,319: INFO/Worker-1] 2557ms
2022-05-13 15:26:00,365 - 计时 - INFO - 37ms
[2022-05-13 15:26:00,365: INFO/Worker-1] 37ms
2022-05-13 15:26:00,738 - 计时 - INFO - 20ms
[2022-05-13 15:26:00,738: INFO/Worker-1] 20ms
[2022-05-13 15:26:00,758: WARNING/Worker-1] 2022-05-13 15:26:00,758 - 111 - INFO -
[2022-05-13 15:26:00,758: INFO/Worker-1] 
2022-05-13 15:26:00,771 - 计时 - INFO - 53ms
[2022-05-13 15:26:00,771: INFO/Worker-1] 53ms
2022-05-13 15:26:00,793 - 计时 - INFO - 21ms
[2022-05-13 15:26:00,793: INFO/Worker-1] 21ms
2022-05-13 15:26:01,003 - 计时 - INFO - 285ms
[2022-05-13 15:26:01,003: INFO/Worker-1] 285ms
2022-05-13 15:26:01,085 - 计时 - INFO - 74ms
[2022-05-13 15:26:01,085: INFO/Worker-1] 74ms
[2022-05-13 15:26:01,095: WARNING/Worker-1] 2022-05-13 15:26:01,095 - 111 - INFO -
[2022-05-13 15:26:01,095: INFO/Worker-1] 
2022-05-13 15:26:01,102 - 计时 - INFO - 91ms
[2022-05-13 15:26:01,102: INFO/Worker-1] 91ms
2022-05-13 15:26:01,132 - 计时 - INFO - 29ms
[2022-05-13 15:26:01,132: INFO/Worker-1] 29ms
2022-05-13 15:26:01,192 - 计时 - INFO - 181ms
[2022-05-13 15:26:01,192: INFO/Worker-1] 181ms
2022-05-13 15:26:02,252 - 计时 - INFO - 1055ms
[2022-05-13 15:26:02,252: INFO/Worker-1] 1055ms
2022-05-13 15:26:02,554 - 计时 - INFO - 30ms
[2022-05-13 15:26:02,554: INFO/Worker-1] 30ms
2022-05-13 15:26:07,072 - 计时 - INFO - 4267ms
[2022-05-13 15:26:07,072: INFO/Worker-1] 4267ms
2022-05-13 15:26:10,456 - 测试 - INFO - {'第一': 0}
[2022-05-13 15:26:10,456: INFO/Worker-1] {'第一': 0}
2022-05-13 15:26:11,306 - 计时 - INFO - 816ms
[2022-05-13 15:26:11,306: INFO/Worker-1] 816ms
2022-05-13 15:26:11,901 - 测试 - INFO - {'第二': '1445ms'}
[2022-05-13 15:26:11,901: INFO/Worker-1] {'第二': '1445ms'}
2022-05-13 15:26:11,901 - 测试 - INFO - {'test时间': '1445ms'}
[2022-05-13 15:26:11,901: INFO/Worker-1] {'test时间': '1445ms'}
2022-05-13 15:26:11,902 - 测试 - INFO - {'页面加载完成': '1445ms'}
[2022-05-13 15:26:11,902: INFO/Worker-1] {'页面加载完成': '1445ms'}
2022-05-13 15:26:13,276 - 测试 - INFO - {'页面加载时间': '2116ms', '白屏时间': '900ms', 'DOM加载时间': '2085ms', '资源加载最大耗时': '1573ms'}
[2022-05-13 15:26:13,276: INFO/Worker-1] {'页面加载时间': '2116ms', '白屏时间': '900ms', 'DOM加载时间': '2085ms', '资源加载最大耗时': '1573ms'}
2022-05-13 15:26:13,276 - 测试 - INFO - 第1步:左键点击员工主菜单
[2022-05-13 15:26:13,276: INFO/Worker-1] 第1步:左键点击员工主菜单
2022-05-13 15:26:13,276 - 测试 - INFO - {'第一': 1374}
[2022-05-13 15:26:13,276: INFO/Worker-1] {'第一': 1374}
2022-05-13 15:26:14,399 - 计时 - INFO - 1102ms
[2022-05-13 15:26:14,399: INFO/Worker-1] 1102ms
2022-05-13 15:26:15,050 - 测试 - INFO - {'第二': '3148ms'}
[2022-05-13 15:26:15,050: INFO/Worker-1] {'第二': '3148ms'}
2022-05-13 15:26:15,051 - 测试 - INFO - {'test时间': '1774ms'}
[2022-05-13 15:26:15,051: INFO/Worker-1] {'test时间': '1774ms'}
2022-05-13 15:26:15,051 - 测试 - INFO - {'页面加载完成': '1774ms'}
[2022-05-13 15:26:15,051: INFO/Worker-1] {'页面加载完成': '1774ms'}
2022-05-13 15:26:15,051 - 测试 - INFO - 第2步:左键点击异动管理子菜单
[2022-05-13 15:26:15,051: INFO/Worker-1] 第2步:左键点击异动管理子菜单
2022-05-13 15:26:15,051 - 测试 - INFO - {'第一': 0}
[2022-05-13 15:26:15,051: INFO/Worker-1] {'第一': 0}
2022-05-13 15:26:19,375 - 计时 - INFO - 4308ms
[2022-05-13 15:26:19,375: INFO/Worker-1] 4308ms
2022-05-13 15:26:19,375 - 计时 - INFO - 4308ms
[2022-05-13 15:26:19,375: INFO/Worker-1] 4308ms
2022-05-13 15:26:19,375 - 测试 - INFO - {'第二': '4323ms'}
[2022-05-13 15:26:19,375: INFO/Worker-1] {'第二': '4323ms'}
2022-05-13 15:26:19,375 - 测试 - INFO - {'test时间': '4323ms'}
[2022-05-13 15:26:19,375: INFO/Worker-1] {'test时间': '4323ms'}
2022-05-13 15:26:19,375 - 测试 - INFO - {'页面加载完成': '4323ms'}
[2022-05-13 15:26:19,375: INFO/Worker-1] {'页面加载完成': '4323ms'}
2022-05-13 15:26:19,375 - 测试 - INFO - 第3步:断言元素存在表格断言
[2022-05-13 15:26:19,375: INFO/Worker-1] 第3步:断言元素存在表格断言
2022-05-13 15:26:19,375 - 测试 - INFO - {'第一': 0}
[2022-05-13 15:26:19,375: INFO/Worker-1] {'第一': 0}
2022-05-13 15:26:19,405 - 计时 - INFO - 20ms
[2022-05-13 15:26:19,405: INFO/Worker-1] 20ms
2022-05-13 15:26:19,626 - 测试 - INFO - {'第二': '251ms'}
[2022-05-13 15:26:19,626: INFO/Worker-1] {'第二': '251ms'}
2022-05-13 15:26:19,626 - 测试 - INFO - {'test时间': '251ms'}
[2022-05-13 15:26:19,626: INFO/Worker-1] {'test时间': '251ms'}
2022-05-13 15:26:19,626 - 测试 - INFO - {'页面加载完成': '251ms'}
[2022-05-13 15:26:19,626: INFO/Worker-1] {'页面加载完成': '251ms'}
2022-05-13 15:26:19,627 - 测试 - INFO - 第4步:左键点击转正管理tab
[2022-05-13 15:26:19,627: INFO/Worker-1] 第4步:左键点击转正管理tab
2022-05-13 15:26:19,627 - 测试 - INFO - {'第一': 1}
[2022-05-13 15:26:19,627: INFO/Worker-1] {'第一': 1}
2022-05-13 15:26:22,063 - 计时 - INFO - 2427ms
[2022-05-13 15:26:22,063: INFO/Worker-1] 2427ms
2022-05-13 15:26:22,063 - 计时 - INFO - 2427ms
[2022-05-13 15:26:22,063: INFO/Worker-1] 2427ms
2022-05-13 15:26:22,063 - 测试 - INFO - {'第二': '2437ms'}
[2022-05-13 15:26:22,063: INFO/Worker-1] {'第二': '2437ms'}
2022-05-13 15:26:22,063 - 测试 - INFO - {'test时间': '2436ms'}
[2022-05-13 15:26:22,063: INFO/Worker-1] {'test时间': '2436ms'}
2022-05-13 15:26:22,063 - 测试 - INFO - {'页面加载完成': '2436ms'}
[2022-05-13 15:26:22,063: INFO/Worker-1] {'页面加载完成': '2436ms'}
2022-05-13 15:26:22,063 - 测试 - INFO - 第5步:断言元素存在表格断言
[2022-05-13 15:26:22,063: INFO/Worker-1] 第5步:断言元素存在表格断言
2022-05-13 15:26:22,063 - 测试 - INFO - {'第一': 0}
[2022-05-13 15:26:22,063: INFO/Worker-1] {'第一': 0}
2022-05-13 15:26:22,103 - 计时 - INFO - 30ms
[2022-05-13 15:26:22,103: INFO/Worker-1] 30ms
2022-05-13 15:26:22,261 - 测试 - INFO - {'第二': '198ms'}
[2022-05-13 15:26:22,261: INFO/Worker-1] {'第二': '198ms'}
2022-05-13 15:26:22,261 - 测试 - INFO - {'test时间': '198ms'}
[2022-05-13 15:26:22,261: INFO/Worker-1] {'test时间': '198ms'}
2022-05-13 15:26:22,261 - 测试 - INFO - {'页面加载完成': '198ms'}
[2022-05-13 15:26:22,261: INFO/Worker-1] {'页面加载完成': '198ms'}
2022-05-13 15:26:22,261 - 测试 - INFO - 第6步:左键点击调动管理tab
[2022-05-13 15:26:22,261: INFO/Worker-1] 第6步:左键点击调动管理tab
2022-05-13 15:26:22,261 - 测试 - INFO - {'第一': 0}
[2022-05-13 15:26:22,261: INFO/Worker-1] {'第一': 0}
2022-05-13 15:26:24,227 - 计时 - INFO - 1956ms
[2022-05-13 15:26:24,227: INFO/Worker-1] 1956ms
2022-05-13 15:26:24,227 - 计时 - INFO - 1956ms
[2022-05-13 15:26:24,227: INFO/Worker-1] 1956ms
2022-05-13 15:26:24,228 - 测试 - INFO - {'第二': '1967ms'}
[2022-05-13 15:26:24,228: INFO/Worker-1] {'第二': '1967ms'}
2022-05-13 15:26:24,228 - 测试 - INFO - {'test时间': '1967ms'}
[2022-05-13 15:26:24,228: INFO/Worker-1] {'test时间': '1967ms'}
2022-05-13 15:26:24,228 - 测试 - INFO - {'页面加载完成': '1967ms'}
[2022-05-13 15:26:24,228: INFO/Worker-1] {'页面加载完成': '1967ms'}
2022-05-13 15:26:24,228 - 测试 - INFO - 第7步:断言元素存在表格断言
[2022-05-13 15:26:24,228: INFO/Worker-1] 第7步:断言元素存在表格断言
2022-05-13 15:26:24,228 - 测试 - INFO - {'第一': 0}
[2022-05-13 15:26:24,228: INFO/Worker-1] {'第一': 0}
2022-05-13 15:26:24,327 - 计时 - INFO - 90ms
[2022-05-13 15:26:24,327: INFO/Worker-1] 90ms
2022-05-13 15:26:24,639 - 测试 - INFO - {'第二': '411ms'}
[2022-05-13 15:26:24,639: INFO/Worker-1] {'第二': '411ms'}
2022-05-13 15:26:24,640 - 测试 - INFO - {'test时间': '411ms'}
[2022-05-13 15:26:24,640: INFO/Worker-1] {'test时间': '411ms'}
2022-05-13 15:26:24,640 - 测试 - INFO - {'页面加载完成': '411ms'}
[2022-05-13 15:26:24,640: INFO/Worker-1] {'页面加载完成': '411ms'}
2022-05-13 15:26:24,640 - 测试 - INFO - 第8步:左键点击离职tab
[2022-05-13 15:26:24,640: INFO/Worker-1] 第8步:左键点击离职tab
2022-05-13 15:26:24,640 - 测试 - INFO - {'第一': 0}
[2022-05-13 15:26:24,640: INFO/Worker-1] {'第一': 0}
2022-05-13 15:26:27,901 - 计时 - INFO - 3253ms
[2022-05-13 15:26:27,901: INFO/Worker-1] 3253ms
2022-05-13 15:26:27,901 - 计时 - INFO - 3253ms
[2022-05-13 15:26:27,901: INFO/Worker-1] 3253ms
2022-05-13 15:26:27,901 - 测试 - INFO - {'第二': '3261ms'}
[2022-05-13 15:26:27,901: INFO/Worker-1] {'第二': '3261ms'}
2022-05-13 15:26:27,901 - 测试 - INFO - {'test时间': '3261ms'}
[2022-05-13 15:26:27,901: INFO/Worker-1] {'test时间': '3261ms'}
2022-05-13 15:26:27,901 - 测试 - INFO - {'页面加载完成': '3261ms'}
[2022-05-13 15:26:27,901: INFO/Worker-1] {'页面加载完成': '3261ms'}
2022-05-13 15:26:27,901 - 测试 - INFO - 第9步:断言元素存在表格断言
[2022-05-13 15:26:27,901: INFO/Worker-1] 第9步:断言元素存在表格断言
2022-05-13 15:26:27,901 - 测试 - INFO - {'第一': 0}
[2022-05-13 15:26:27,901: INFO/Worker-1] {'第一': 0}
2022-05-13 15:26:27,941 - 计时 - INFO - 30ms
[2022-05-13 15:26:27,941: INFO/Worker-1] 30ms
2022-05-13 15:26:28,131 - 测试 - INFO - {'第二': '230ms'}
[2022-05-13 15:26:28,131: INFO/Worker-1] {'第二': '230ms'}
2022-05-13 15:26:28,131 - 测试 - INFO - {'test时间': '230ms'}
[2022-05-13 15:26:28,131: INFO/Worker-1] {'test时间': '230ms'}
2022-05-13 15:26:28,131 - 测试 - INFO - {'页面加载完成': '230ms'}
[2022-05-13 15:26:28,131: INFO/Worker-1] {'页面加载完成': '230ms'}
2022-05-13 15:26:28,131 - 测试 - INFO - 第10步:左键点击异动记录tab
[2022-05-13 15:26:28,131: INFO/Worker-1] 第10步:左键点击异动记录tab
2022-05-13 15:26:28,131 - 测试 - INFO - {'第一': 0}
[2022-05-13 15:26:28,131: INFO/Worker-1] {'第一': 0}
2022-05-13 15:26:29,530 - 计时 - INFO - 1389ms
[2022-05-13 15:26:29,530: INFO/Worker-1] 1389ms
2022-05-13 15:26:29,530 - 计时 - INFO - 1389ms
[2022-05-13 15:26:29,530: INFO/Worker-1] 1389ms
2022-05-13 15:26:29,531 - 测试 - INFO - {'第二': '1400ms'}
[2022-05-13 15:26:29,531: INFO/Worker-1] {'第二': '1400ms'}
2022-05-13 15:26:29,531 - 测试 - INFO - {'test时间': '1400ms'}
[2022-05-13 15:26:29,531: INFO/Worker-1] {'test时间': '1400ms'}
2022-05-13 15:26:29,531 - 测试 - INFO - {'页面加载完成': '1400ms'}
[2022-05-13 15:26:29,531: INFO/Worker-1] {'页面加载完成': '1400ms'}
2022-05-13 15:26:29,531 - 测试 - INFO - 第11步:断言元素存在表格断言
[2022-05-13 15:26:29,531: INFO/Worker-1] 第11步:断言元素存在表格断言
2022-05-13 15:26:29,532 - 测试 - INFO - {'第一': 1}
[2022-05-13 15:26:29,532: INFO/Worker-1] {'第一': 1}
2022-05-13 15:26:31,539 - 测试 - INFO - {'第二': '2008ms'}
[2022-05-13 15:26:31,539: INFO/Worker-1] {'第二': '2008ms'}
2022-05-13 15:26:31,539 - 测试 - INFO - {'test时间': '2007ms'}
[2022-05-13 15:26:31,539: INFO/Worker-1] {'test时间': '2007ms'}
2022-05-13 15:26:31,539 - 测试 - INFO - {'页面加载完成': '2007ms'}
[2022-05-13 15:26:31,539: INFO/Worker-1] {'页面加载完成': '2007ms'}
2022-05-13 15:26:31,539 - 测试 - INFO - 第12步:线程休眠2
[2022-05-13 15:26:31,539: INFO/Worker-1] 第12步:线程休眠2
2022-05-13 15:26:33,575 - 计时 - INFO - 30ms
[2022-05-13 15:26:33,575: INFO/Worker-1] 30ms
[2022-05-13 15:26:33,585: WARNING/Worker-1] 2022-05-13 15:26:33,585 - 111 - INFO - 转正
[2022-05-13 15:26:33,585: INFO/Worker-1] 转正
2022-05-13 15:26:33,585 - 计时 - INFO - 40ms
[2022-05-13 15:26:33,585: INFO/Worker-1] 40ms
2022-05-13 15:26:37,409 - 测试 - INFO - 测试通过，预期断言值完全匹配实际断言值。
[2022-05-13 15:26:37,409: INFO/Worker-1] 测试通过，预期断言值完全匹配实际断言值。
[2022-05-13 15:26:38,439: WARNING/Worker-1] 钉钉消息推送失败：{"errcode":310000,"errmsg":"keywords not in content, more: [https://ding-doc.dingtalk.com/doc#/serverapi2/qf2nxq]"}
[2022-05-13 15:26:38,439: INFO/MainProcess] Task Product.tasks.SplitTaskRunning[bf4a4276-ecb4-4710-b305-35bb0ff47a1b] succeeded in 47.2839999999851s: None
[2022-05-13 15:26:38,486: INFO/MainProcess] Task Product.tasks.SplitTaskRan[baf96323-a56a-48a3-8b08-50c3994d587d] succeeded in 47.330999999307096s: None
[2022-05-13 15:27:36,097: INFO/MainProcess] Received task: Product.tasks.SplitTask[a803fe3a-4fa2-4353-9308-a9e8e7b67743]
[2022-05-13 15:27:36,128: INFO/MainProcess] Task Product.tasks.SplitTask[a803fe3a-4fa2-4353-9308-a9e8e7b67743] succeeded in 0.03099999949336052s: None
[2022-05-13 15:27:36,128: INFO/MainProcess] Received task: Product.tasks.SplitTaskRunning[7deac128-c227-4b76-b7fb-21ac7fe1b9d6]
[2022-05-13 15:27:36,128: INFO/MainProcess] Received task: Product.tasks.SplitTaskRan[f151681e-e708-4b08-b390-725e7c034d09]
2022-05-13 15:27:49,880 - 计时 - INFO - 4593ms
[2022-05-13 15:27:49,880: INFO/Worker-1] 4593ms
2022-05-13 15:27:50,088 - 计时 - INFO - 198ms
[2022-05-13 15:27:50,088: INFO/Worker-1] 198ms
2022-05-13 15:27:50,476 - 计时 - INFO - 26ms
[2022-05-13 15:27:50,476: INFO/Worker-1] 26ms
[2022-05-13 15:27:50,497: WARNING/Worker-1] 2022-05-13 15:27:50,497 - 111 - INFO -
[2022-05-13 15:27:50,497: INFO/Worker-1] 
2022-05-13 15:27:50,505 - 计时 - INFO - 55ms
[2022-05-13 15:27:50,505: INFO/Worker-1] 55ms
2022-05-13 15:27:50,531 - 计时 - INFO - 26ms
[2022-05-13 15:27:50,531: INFO/Worker-1] 26ms
2022-05-13 15:27:50,668 - 计时 - INFO - 218ms
[2022-05-13 15:27:50,668: INFO/Worker-1] 218ms
2022-05-13 15:27:50,728 - 计时 - INFO - 53ms
[2022-05-13 15:27:50,728: INFO/Worker-1] 53ms
[2022-05-13 15:27:50,744: WARNING/Worker-1] 2022-05-13 15:27:50,743 - 111 - INFO -
[2022-05-13 15:27:50,743: INFO/Worker-1] 
2022-05-13 15:27:50,752 - 计时 - INFO - 78ms
[2022-05-13 15:27:50,752: INFO/Worker-1] 78ms
2022-05-13 15:27:50,821 - 计时 - INFO - 69ms
[2022-05-13 15:27:50,821: INFO/Worker-1] 69ms
2022-05-13 15:27:50,920 - 计时 - INFO - 246ms
[2022-05-13 15:27:50,920: INFO/Worker-1] 246ms
2022-05-13 15:27:52,043 - 计时 - INFO - 1116ms
[2022-05-13 15:27:52,043: INFO/Worker-1] 1116ms
2022-05-13 15:27:52,315 - 计时 - INFO - 20ms
[2022-05-13 15:27:52,315: INFO/Worker-1] 20ms
2022-05-13 15:27:56,236 - 计时 - INFO - 3649ms
[2022-05-13 15:27:56,236: INFO/Worker-1] 3649ms
2022-05-13 15:27:58,908 - 测试 - INFO - {'第一': 0}
[2022-05-13 15:27:58,908: INFO/Worker-1] {'第一': 0}
2022-05-13 15:27:59,570 - 计时 - INFO - 655ms
[2022-05-13 15:27:59,570: INFO/Worker-1] 655ms
2022-05-13 15:28:01,195 - 测试 - INFO - {'第二': '2287ms'}
[2022-05-13 15:28:01,195: INFO/Worker-1] {'第二': '2287ms'}
2022-05-13 15:28:01,196 - 测试 - INFO - {'test时间': '2287ms'}
[2022-05-13 15:28:01,196: INFO/Worker-1] {'test时间': '2287ms'}
2022-05-13 15:28:01,196 - 测试 - INFO - {'页面加载完成': '2287ms'}
[2022-05-13 15:28:01,196: INFO/Worker-1] {'页面加载完成': '2287ms'}
2022-05-13 15:28:02,218 - 测试 - INFO - {'页面加载时间': '1798ms', '白屏时间': '888ms', 'DOM加载时间': '1750ms', '资源加载最大耗时': '1569ms'}
[2022-05-13 15:28:02,218: INFO/Worker-1] {'页面加载时间': '1798ms', '白屏时间': '888ms', 'DOM加载时间': '1750ms', '资源加载最大耗时': '1569ms'}
2022-05-13 15:28:02,218 - 测试 - INFO - 第1步:左键点击员工主菜单
[2022-05-13 15:28:02,218: INFO/Worker-1] 第1步:左键点击员工主菜单
2022-05-13 15:28:02,218 - 测试 - INFO - {'第一': 1022}
[2022-05-13 15:28:02,218: INFO/Worker-1] {'第一': 1022}
2022-05-13 15:28:03,297 - 计时 - INFO - 1067ms
[2022-05-13 15:28:03,297: INFO/Worker-1] 1067ms
2022-05-13 15:28:04,256 - 测试 - INFO - {'第二': '3060ms'}
[2022-05-13 15:28:04,256: INFO/Worker-1] {'第二': '3060ms'}
2022-05-13 15:28:04,256 - 测试 - INFO - {'test时间': '2038ms'}
[2022-05-13 15:28:04,256: INFO/Worker-1] {'test时间': '2038ms'}
2022-05-13 15:28:04,257 - 测试 - INFO - {'页面加载完成': '2038ms'}
[2022-05-13 15:28:04,257: INFO/Worker-1] {'页面加载完成': '2038ms'}
2022-05-13 15:28:04,257 - 测试 - INFO - 第2步:左键点击异动管理子菜单
[2022-05-13 15:28:04,257: INFO/Worker-1] 第2步:左键点击异动管理子菜单
2022-05-13 15:28:04,257 - 测试 - INFO - {'第一': 0}
[2022-05-13 15:28:04,257: INFO/Worker-1] {'第一': 0}
2022-05-13 15:28:07,217 - 计时 - INFO - 2950ms
[2022-05-13 15:28:07,217: INFO/Worker-1] 2950ms
2022-05-13 15:28:07,217 - 计时 - INFO - 2950ms
[2022-05-13 15:28:07,217: INFO/Worker-1] 2950ms
2022-05-13 15:28:07,217 - 测试 - INFO - {'第二': '2960ms'}
[2022-05-13 15:28:07,217: INFO/Worker-1] {'第二': '2960ms'}
2022-05-13 15:28:07,217 - 测试 - INFO - {'test时间': '2960ms'}
[2022-05-13 15:28:07,217: INFO/Worker-1] {'test时间': '2960ms'}
2022-05-13 15:28:07,217 - 测试 - INFO - {'页面加载完成': '2960ms'}
[2022-05-13 15:28:07,217: INFO/Worker-1] {'页面加载完成': '2960ms'}
2022-05-13 15:28:07,217 - 测试 - INFO - 第3步:断言元素存在表格断言
[2022-05-13 15:28:07,217: INFO/Worker-1] 第3步:断言元素存在表格断言
2022-05-13 15:28:07,217 - 测试 - INFO - {'第一': 0}
[2022-05-13 15:28:07,217: INFO/Worker-1] {'第一': 0}
2022-05-13 15:28:07,257 - 计时 - INFO - 30ms
[2022-05-13 15:28:07,257: INFO/Worker-1] 30ms
2022-05-13 15:28:07,439 - 测试 - INFO - {'第二': '222ms'}
[2022-05-13 15:28:07,439: INFO/Worker-1] {'第二': '222ms'}
2022-05-13 15:28:07,439 - 测试 - INFO - {'test时间': '222ms'}
[2022-05-13 15:28:07,439: INFO/Worker-1] {'test时间': '222ms'}
2022-05-13 15:28:07,439 - 测试 - INFO - {'页面加载完成': '222ms'}
[2022-05-13 15:28:07,439: INFO/Worker-1] {'页面加载完成': '222ms'}
2022-05-13 15:28:07,440 - 测试 - INFO - 第4步:左键点击转正管理tab
[2022-05-13 15:28:07,440: INFO/Worker-1] 第4步:左键点击转正管理tab
2022-05-13 15:28:07,440 - 测试 - INFO - {'第一': 1}
[2022-05-13 15:28:07,440: INFO/Worker-1] {'第一': 1}
2022-05-13 15:28:09,161 - 计时 - INFO - 1713ms
[2022-05-13 15:28:09,161: INFO/Worker-1] 1713ms
2022-05-13 15:28:09,161 - 计时 - INFO - 1713ms
[2022-05-13 15:28:09,161: INFO/Worker-1] 1713ms
2022-05-13 15:28:09,161 - 测试 - INFO - {'第二': '1722ms'}
[2022-05-13 15:28:09,161: INFO/Worker-1] {'第二': '1722ms'}
2022-05-13 15:28:09,161 - 测试 - INFO - {'test时间': '1721ms'}
[2022-05-13 15:28:09,161: INFO/Worker-1] {'test时间': '1721ms'}
2022-05-13 15:28:09,161 - 测试 - INFO - {'页面加载完成': '1721ms'}
[2022-05-13 15:28:09,161: INFO/Worker-1] {'页面加载完成': '1721ms'}
2022-05-13 15:28:09,161 - 测试 - INFO - 第5步:断言元素存在表格断言
[2022-05-13 15:28:09,161: INFO/Worker-1] 第5步:断言元素存在表格断言
2022-05-13 15:28:09,161 - 测试 - INFO - {'第一': 0}
[2022-05-13 15:28:09,161: INFO/Worker-1] {'第一': 0}
2022-05-13 15:28:09,201 - 计时 - INFO - 30ms
[2022-05-13 15:28:09,201: INFO/Worker-1] 30ms
2022-05-13 15:28:09,331 - 测试 - INFO - {'第二': '170ms'}
[2022-05-13 15:28:09,331: INFO/Worker-1] {'第二': '170ms'}
2022-05-13 15:28:09,331 - 测试 - INFO - {'test时间': '170ms'}
[2022-05-13 15:28:09,331: INFO/Worker-1] {'test时间': '170ms'}
2022-05-13 15:28:09,331 - 测试 - INFO - {'页面加载完成': '170ms'}
[2022-05-13 15:28:09,331: INFO/Worker-1] {'页面加载完成': '170ms'}
2022-05-13 15:28:09,331 - 测试 - INFO - 第6步:左键点击调动管理tab
[2022-05-13 15:28:09,331: INFO/Worker-1] 第6步:左键点击调动管理tab
2022-05-13 15:28:09,331 - 测试 - INFO - {'第一': 0}
[2022-05-13 15:28:09,331: INFO/Worker-1] {'第一': 0}
2022-05-13 15:28:10,809 - 计时 - INFO - 1458ms
[2022-05-13 15:28:10,809: INFO/Worker-1] 1458ms
2022-05-13 15:28:10,809 - 计时 - INFO - 1458ms
[2022-05-13 15:28:10,809: INFO/Worker-1] 1458ms
2022-05-13 15:28:10,809 - 测试 - INFO - {'第二': '1478ms'}
[2022-05-13 15:28:10,809: INFO/Worker-1] {'第二': '1478ms'}
2022-05-13 15:28:10,809 - 测试 - INFO - {'test时间': '1478ms'}
[2022-05-13 15:28:10,809: INFO/Worker-1] {'test时间': '1478ms'}
2022-05-13 15:28:10,809 - 测试 - INFO - {'页面加载完成': '1478ms'}
[2022-05-13 15:28:10,809: INFO/Worker-1] {'页面加载完成': '1478ms'}
2022-05-13 15:28:10,809 - 测试 - INFO - 第7步:断言元素存在表格断言
[2022-05-13 15:28:10,809: INFO/Worker-1] 第7步:断言元素存在表格断言
2022-05-13 15:28:10,809 - 测试 - INFO - {'第一': 0}
[2022-05-13 15:28:10,809: INFO/Worker-1] {'第一': 0}
2022-05-13 15:28:10,861 - 计时 - INFO - 42ms
[2022-05-13 15:28:10,861: INFO/Worker-1] 42ms
2022-05-13 15:28:11,001 - 测试 - INFO - {'第二': '192ms'}
[2022-05-13 15:28:11,001: INFO/Worker-1] {'第二': '192ms'}
2022-05-13 15:28:11,001 - 测试 - INFO - {'test时间': '192ms'}
[2022-05-13 15:28:11,001: INFO/Worker-1] {'test时间': '192ms'}
2022-05-13 15:28:11,001 - 测试 - INFO - {'页面加载完成': '192ms'}
[2022-05-13 15:28:11,001: INFO/Worker-1] {'页面加载完成': '192ms'}
2022-05-13 15:28:11,001 - 测试 - INFO - 第8步:左键点击离职tab
[2022-05-13 15:28:11,001: INFO/Worker-1] 第8步:左键点击离职tab
2022-05-13 15:28:11,001 - 测试 - INFO - {'第一': 0}
[2022-05-13 15:28:11,001: INFO/Worker-1] {'第一': 0}
2022-05-13 15:28:12,970 - 计时 - INFO - 1948ms
[2022-05-13 15:28:12,970: INFO/Worker-1] 1948ms
2022-05-13 15:28:12,970 - 计时 - INFO - 1948ms
[2022-05-13 15:28:12,970: INFO/Worker-1] 1948ms
2022-05-13 15:28:12,970 - 测试 - INFO - {'第二': '1968ms'}
[2022-05-13 15:28:12,970: INFO/Worker-1] {'第二': '1968ms'}
2022-05-13 15:28:12,970 - 测试 - INFO - {'test时间': '1968ms'}
[2022-05-13 15:28:12,970: INFO/Worker-1] {'test时间': '1968ms'}
2022-05-13 15:28:12,970 - 测试 - INFO - {'页面加载完成': '1968ms'}
[2022-05-13 15:28:12,970: INFO/Worker-1] {'页面加载完成': '1968ms'}
2022-05-13 15:28:12,970 - 测试 - INFO - 第9步:断言元素存在表格断言
[2022-05-13 15:28:12,970: INFO/Worker-1] 第9步:断言元素存在表格断言
2022-05-13 15:28:12,970 - 测试 - INFO - {'第一': 0}
[2022-05-13 15:28:12,970: INFO/Worker-1] {'第一': 0}
2022-05-13 15:28:13,010 - 计时 - INFO - 20ms
[2022-05-13 15:28:13,010: INFO/Worker-1] 20ms
2022-05-13 15:28:13,170 - 测试 - INFO - {'第二': '200ms'}
[2022-05-13 15:28:13,170: INFO/Worker-1] {'第二': '200ms'}
2022-05-13 15:28:13,170 - 测试 - INFO - {'test时间': '200ms'}
[2022-05-13 15:28:13,170: INFO/Worker-1] {'test时间': '200ms'}
2022-05-13 15:28:13,170 - 测试 - INFO - {'页面加载完成': '200ms'}
[2022-05-13 15:28:13,170: INFO/Worker-1] {'页面加载完成': '200ms'}
2022-05-13 15:28:13,170 - 测试 - INFO - 第10步:左键点击异动记录tab
[2022-05-13 15:28:13,170: INFO/Worker-1] 第10步:左键点击异动记录tab
2022-05-13 15:28:13,170 - 测试 - INFO - {'第一': 0}
[2022-05-13 15:28:13,170: INFO/Worker-1] {'第一': 0}
2022-05-13 15:28:14,450 - 计时 - INFO - 1260ms
[2022-05-13 15:28:14,450: INFO/Worker-1] 1260ms
2022-05-13 15:28:14,450 - 计时 - INFO - 1260ms
[2022-05-13 15:28:14,450: INFO/Worker-1] 1260ms
2022-05-13 15:28:14,450 - 测试 - INFO - {'第二': '1280ms'}
[2022-05-13 15:28:14,450: INFO/Worker-1] {'第二': '1280ms'}
2022-05-13 15:28:14,450 - 测试 - INFO - {'test时间': '1280ms'}
[2022-05-13 15:28:14,450: INFO/Worker-1] {'test时间': '1280ms'}
2022-05-13 15:28:14,450 - 测试 - INFO - {'页面加载完成': '1280ms'}
[2022-05-13 15:28:14,450: INFO/Worker-1] {'页面加载完成': '1280ms'}
2022-05-13 15:28:14,450 - 测试 - INFO - 第11步:断言元素存在表格断言
[2022-05-13 15:28:14,450: INFO/Worker-1] 第11步:断言元素存在表格断言
2022-05-13 15:28:14,451 - 测试 - INFO - {'第一': 1}
[2022-05-13 15:28:14,451: INFO/Worker-1] {'第一': 1}
2022-05-13 15:28:16,454 - 测试 - INFO - {'第二': '2004ms'}
[2022-05-13 15:28:16,454: INFO/Worker-1] {'第二': '2004ms'}
2022-05-13 15:28:16,454 - 测试 - INFO - {'test时间': '2003ms'}
[2022-05-13 15:28:16,454: INFO/Worker-1] {'test时间': '2003ms'}
2022-05-13 15:28:16,454 - 测试 - INFO - {'页面加载完成': '2003ms'}
[2022-05-13 15:28:16,454: INFO/Worker-1] {'页面加载完成': '2003ms'}
2022-05-13 15:28:16,454 - 测试 - INFO - 第12步:线程休眠2
[2022-05-13 15:28:16,454: INFO/Worker-1] 第12步:线程休眠2
2022-05-13 15:28:18,482 - 计时 - INFO - 20ms
[2022-05-13 15:28:18,482: INFO/Worker-1] 20ms
[2022-05-13 15:28:18,492: WARNING/Worker-1] 2022-05-13 15:28:18,492 - 111 - INFO - 转正
[2022-05-13 15:28:18,492: INFO/Worker-1] 转正
2022-05-13 15:28:18,502 - 计时 - INFO - 40ms
[2022-05-13 15:28:18,502: INFO/Worker-1] 40ms
2022-05-13 15:28:20,836 - 测试 - INFO - 测试通过，预期断言值完全匹配实际断言值。
[2022-05-13 15:28:20,836: INFO/Worker-1] 测试通过，预期断言值完全匹配实际断言值。
[2022-05-13 15:28:20,992: WARNING/Worker-1] 钉钉消息推送失败：{"errcode":310000,"errmsg":"keywords not in content, more: [https://ding-doc.dingtalk.com/doc#/serverapi2/qf2nxq]"}
[2022-05-13 15:28:20,992: INFO/MainProcess] Task Product.tasks.SplitTaskRunning[7deac128-c227-4b76-b7fb-21ac7fe1b9d6] succeeded in 44.86600000038743s: None
[2022-05-13 15:28:21,194: INFO/MainProcess] Task Product.tasks.SplitTaskRan[f151681e-e708-4b08-b390-725e7c034d09] succeeded in 45.06900000013411s: None
[2022-05-13 15:30:32,623: INFO/MainProcess] Received task: Product.tasks.SplitTask[f26ca14d-445f-4e99-a2ab-810f07b9b1f0]
[2022-05-13 15:30:32,639: INFO/MainProcess] Task Product.tasks.SplitTask[f26ca14d-445f-4e99-a2ab-810f07b9b1f0] succeeded in 0.015000000596046448s: None
[2022-05-13 15:30:32,655: INFO/MainProcess] Received task: Product.tasks.SplitTaskRunning[cd715854-03d9-4039-8eb1-c64d9b3847be]
[2022-05-13 15:30:32,655: INFO/MainProcess] Received task: Product.tasks.SplitTaskRan[fc41d1fc-0355-49c9-94c3-4c959c09eae0]
2022-05-13 15:30:54,224 - 计时 - INFO - 7934ms
[2022-05-13 15:30:54,224: INFO/Worker-1] 7934ms
2022-05-13 15:30:54,704 - 计时 - INFO - 450ms
[2022-05-13 15:30:54,704: INFO/Worker-1] 450ms
2022-05-13 15:30:55,226 - 计时 - INFO - 20ms
[2022-05-13 15:30:55,226: INFO/Worker-1] 20ms
[2022-05-13 15:30:55,251: WARNING/Worker-1] 2022-05-13 15:30:55,251 - 111 - INFO -
[2022-05-13 15:30:55,251: INFO/Worker-1] 
2022-05-13 15:30:55,259 - 计时 - INFO - 53ms
[2022-05-13 15:30:55,259: INFO/Worker-1] 53ms
2022-05-13 15:30:55,285 - 计时 - INFO - 25ms
[2022-05-13 15:30:55,285: INFO/Worker-1] 25ms
2022-05-13 15:30:55,458 - 计时 - INFO - 252ms
[2022-05-13 15:30:55,458: INFO/Worker-1] 252ms
2022-05-13 15:30:55,508 - 计时 - INFO - 30ms
[2022-05-13 15:30:55,508: INFO/Worker-1] 30ms
[2022-05-13 15:30:55,508: WARNING/Worker-1] 2022-05-13 15:30:55,508 - 111 - INFO -
[2022-05-13 15:30:55,508: INFO/Worker-1] 
2022-05-13 15:30:55,518 - 计时 - INFO - 40ms
[2022-05-13 15:30:55,518: INFO/Worker-1] 40ms
2022-05-13 15:30:55,548 - 计时 - INFO - 30ms
[2022-05-13 15:30:55,548: INFO/Worker-1] 30ms
2022-05-13 15:30:55,608 - 计时 - INFO - 130ms
[2022-05-13 15:30:55,608: INFO/Worker-1] 130ms
2022-05-13 15:30:56,678 - 计时 - INFO - 1060ms
[2022-05-13 15:30:56,678: INFO/Worker-1] 1060ms
2022-05-13 15:30:57,002 - 计时 - INFO - 20ms
[2022-05-13 15:30:57,002: INFO/Worker-1] 20ms
2022-05-13 15:31:00,602 - 计时 - INFO - 3289ms
[2022-05-13 15:31:00,602: INFO/Worker-1] 3289ms
2022-05-13 15:31:03,497 - 测试 - INFO - {'第一': 0}
[2022-05-13 15:31:03,497: INFO/Worker-1] {'第一': 0}
2022-05-13 15:31:03,749 - 计时 - INFO - 242ms
[2022-05-13 15:31:03,749: INFO/Worker-1] 242ms
2022-05-13 15:31:04,850 - 测试 - INFO - {'第二': '1353ms'}
[2022-05-13 15:31:04,850: INFO/Worker-1] {'第二': '1353ms'}
2022-05-13 15:31:04,850 - 测试 - INFO - {'test时间': '1353ms'}
[2022-05-13 15:31:04,850: INFO/Worker-1] {'test时间': '1353ms'}
2022-05-13 15:31:04,850 - 测试 - INFO - {'页面加载完成': '1353ms'}
[2022-05-13 15:31:04,850: INFO/Worker-1] {'页面加载完成': '1353ms'}
2022-05-13 15:31:06,908 - 测试 - INFO - {'页面加载时间': '2008ms', '白屏时间': '816ms', 'DOM加载时间': '1994ms', '资源加载最大耗时': '1436ms'}
[2022-05-13 15:31:06,908: INFO/Worker-1] {'页面加载时间': '2008ms', '白屏时间': '816ms', 'DOM加载时间': '1994ms', '资源加载最大耗时': '1436ms'}
2022-05-13 15:31:06,908 - 测试 - INFO - 第1步:左键点击员工主菜单
[2022-05-13 15:31:06,908: INFO/Worker-1] 第1步:左键点击员工主菜单
2022-05-13 15:31:06,909 - 测试 - INFO - {'第一': 2059}
[2022-05-13 15:31:06,909: INFO/Worker-1] {'第一': 2059}
2022-05-13 15:31:08,276 - 计时 - INFO - 1357ms
[2022-05-13 15:31:08,276: INFO/Worker-1] 1357ms
2022-05-13 15:31:09,117 - 测试 - INFO - {'第二': '4266ms'}
[2022-05-13 15:31:09,117: INFO/Worker-1] {'第二': '4266ms'}
2022-05-13 15:31:09,118 - 测试 - INFO - {'test时间': '2207ms'}
[2022-05-13 15:31:09,118: INFO/Worker-1] {'test时间': '2207ms'}
2022-05-13 15:31:09,118 - 测试 - INFO - {'页面加载完成': '2207ms'}
[2022-05-13 15:31:09,118: INFO/Worker-1] {'页面加载完成': '2207ms'}
2022-05-13 15:31:09,118 - 测试 - INFO - 第2步:左键点击员工花名册子菜单
[2022-05-13 15:31:09,118: INFO/Worker-1] 第2步:左键点击员工花名册子菜单
2022-05-13 15:31:09,119 - 测试 - INFO - {'第一': 1}
[2022-05-13 15:31:09,119: INFO/Worker-1] {'第一': 1}
2022-05-13 15:31:11,997 - 计时 - INFO - 2869ms
[2022-05-13 15:31:11,997: INFO/Worker-1] 2869ms
[2022-05-13 15:31:12,027: WARNING/Worker-1] 2022-05-13 15:31:12,027 - 111 - INFO -
[2022-05-13 15:31:12,027: INFO/Worker-1] 
2022-05-13 15:31:12,067 - 计时 - INFO - 2939ms
[2022-05-13 15:31:12,067: INFO/Worker-1] 2939ms
2022-05-13 15:31:12,107 - 计时 - INFO - 40ms
[2022-05-13 15:31:12,107: INFO/Worker-1] 40ms
2022-05-13 15:31:12,259 - 计时 - INFO - 3131ms
[2022-05-13 15:31:12,259: INFO/Worker-1] 3131ms
2022-05-13 15:31:12,259 - 测试 - INFO - {'第二': '3141ms'}
[2022-05-13 15:31:12,259: INFO/Worker-1] {'第二': '3141ms'}
2022-05-13 15:31:12,259 - 测试 - INFO - {'test时间': '3140ms'}
[2022-05-13 15:31:12,259: INFO/Worker-1] {'test时间': '3140ms'}
2022-05-13 15:31:12,259 - 测试 - INFO - {'页面加载完成': '3140ms'}
[2022-05-13 15:31:12,259: INFO/Worker-1] {'页面加载完成': '3140ms'}
2022-05-13 15:31:12,259 - 测试 - INFO - 第3步:输入文本姓名输入框
[2022-05-13 15:31:12,259: INFO/Worker-1] 第3步:输入文本姓名输入框
2022-05-13 15:31:12,259 - 测试 - INFO - {'第一': 0}
[2022-05-13 15:31:12,259: INFO/Worker-1] {'第一': 0}
2022-05-13 15:31:14,370 - 测试 - INFO - {'第二': '2111ms'}
[2022-05-13 15:31:14,370: INFO/Worker-1] {'第二': '2111ms'}
2022-05-13 15:31:14,370 - 测试 - INFO - {'test时间': '2111ms'}
[2022-05-13 15:31:14,370: INFO/Worker-1] {'test时间': '2111ms'}
2022-05-13 15:31:14,370 - 测试 - INFO - {'页面加载完成': '2111ms'}
[2022-05-13 15:31:14,370: INFO/Worker-1] {'页面加载完成': '2111ms'}
2022-05-13 15:31:14,371 - 测试 - INFO - 第4步:线程休眠2
[2022-05-13 15:31:14,371: INFO/Worker-1] 第4步:线程休眠2
2022-05-13 15:31:14,371 - 测试 - INFO - {'第一': 1}
[2022-05-13 15:31:14,371: INFO/Worker-1] {'第一': 1}
2022-05-13 15:31:16,433 - 计时 - INFO - 2052ms
[2022-05-13 15:31:16,433: INFO/Worker-1] 2052ms
2022-05-13 15:31:16,574 - 测试 - INFO - {'第二': '2204ms'}
[2022-05-13 15:31:16,574: INFO/Worker-1] {'第二': '2204ms'}
2022-05-13 15:31:16,575 - 测试 - INFO - {'test时间': '2203ms'}
[2022-05-13 15:31:16,575: INFO/Worker-1] {'test时间': '2203ms'}
2022-05-13 15:31:16,575 - 测试 - INFO - {'页面加载完成': '2203ms'}
[2022-05-13 15:31:16,575: INFO/Worker-1] {'页面加载完成': '2203ms'}
2022-05-13 15:31:16,575 - 测试 - INFO - 第5步:左键点击员工
[2022-05-13 15:31:16,575: INFO/Worker-1] 第5步:左键点击员工
2022-05-13 15:31:16,575 - 测试 - INFO - {'第一': 0}
[2022-05-13 15:31:16,575: INFO/Worker-1] {'第一': 0}
2022-05-13 15:31:18,707 - 计时 - INFO - 2110ms
[2022-05-13 15:31:18,707: INFO/Worker-1] 2110ms
2022-05-13 15:31:18,737 - 测试 - ERROR - 执行测试用例第6步发生错误，请检查测试用例:('Element <li class=""> could not be scrolled into view', None, None)
[2022-05-13 15:31:18,737: ERROR/Worker-1] 执行测试用例第6步发生错误，请检查测试用例:('Element <li class=""> could not be scrolled into view', None, None)
[2022-05-13 15:31:18,937: WARNING/Worker-1] 钉钉消息推送成功：{"errcode":0,"errmsg":"ok"}
[2022-05-13 15:31:19,866: INFO/MainProcess] Task Product.tasks.SplitTaskRan[fc41d1fc-0355-49c9-94c3-4c959c09eae0] succeeded in 47.20600000023842s: None
[2022-05-13 15:31:22,040: INFO/MainProcess] Task Product.tasks.SplitTaskRunning[cd715854-03d9-4039-8eb1-c64d9b3847be] succeeded in 49.389999999664724s: None
[2022-05-13 16:00:55,123: INFO/MainProcess] Received task: Product.tasks.SplitTask[8112eb59-5e62-42dd-b48e-1620cb95f54f]
[2022-05-13 16:00:55,155: INFO/MainProcess] Received task: Product.tasks.SplitTaskRunning[220971d6-f470-47eb-bc77-bcf02a572009]
[2022-05-13 16:00:55,155: INFO/MainProcess] Task Product.tasks.SplitTask[8112eb59-5e62-42dd-b48e-1620cb95f54f] succeeded in 0.03099999949336052s: None
[2022-05-13 16:00:55,155: INFO/MainProcess] Received task: Product.tasks.SplitTaskRan[dba9a61c-5040-4364-9072-fa429b8fc042]
2022-05-13 16:01:11,767 - 计时 - INFO - 4597ms
[2022-05-13 16:01:11,767: INFO/Worker-1] 4597ms
2022-05-13 16:01:11,950 - 计时 - INFO - 177ms
[2022-05-13 16:01:11,950: INFO/Worker-1] 177ms
2022-05-13 16:01:12,303 - 计时 - INFO - 30ms
[2022-05-13 16:01:12,303: INFO/Worker-1] 30ms
[2022-05-13 16:01:12,323: WARNING/Worker-1] 2022-05-13 16:01:12,323 - 111 - INFO -
[2022-05-13 16:01:12,323: INFO/Worker-1] 
2022-05-13 16:01:12,333 - 计时 - INFO - 60ms
[2022-05-13 16:01:12,333: INFO/Worker-1] 60ms
2022-05-13 16:01:12,353 - 计时 - INFO - 20ms
[2022-05-13 16:01:12,353: INFO/Worker-1] 20ms
2022-05-13 16:01:12,510 - 计时 - INFO - 237ms
[2022-05-13 16:01:12,510: INFO/Worker-1] 237ms
2022-05-13 16:01:12,556 - 计时 - INFO - 40ms
[2022-05-13 16:01:12,556: INFO/Worker-1] 40ms
[2022-05-13 16:01:12,564: WARNING/Worker-1] 2022-05-13 16:01:12,563 - 111 - INFO -
[2022-05-13 16:01:12,563: INFO/Worker-1] 
2022-05-13 16:01:12,571 - 计时 - INFO - 54ms
[2022-05-13 16:01:12,571: INFO/Worker-1] 54ms
2022-05-13 16:01:12,609 - 计时 - INFO - 38ms
[2022-05-13 16:01:12,609: INFO/Worker-1] 38ms
2022-05-13 16:01:12,688 - 计时 - INFO - 172ms
[2022-05-13 16:01:12,688: INFO/Worker-1] 172ms
2022-05-13 16:01:13,731 - 计时 - INFO - 1036ms
[2022-05-13 16:01:13,731: INFO/Worker-1] 1036ms
2022-05-13 16:01:14,011 - 计时 - INFO - 20ms
[2022-05-13 16:01:14,011: INFO/Worker-1] 20ms
2022-05-13 16:01:18,282 - 计时 - INFO - 4011ms
[2022-05-13 16:01:18,282: INFO/Worker-1] 4011ms
2022-05-13 16:01:21,778 - 测试 - INFO - {'第一': 0}
[2022-05-13 16:01:21,778: INFO/Worker-1] {'第一': 0}
2022-05-13 16:01:22,391 - 计时 - INFO - 606ms
[2022-05-13 16:01:22,391: INFO/Worker-1] 606ms
2022-05-13 16:01:23,180 - 测试 - INFO - {'第二': '1402ms'}
[2022-05-13 16:01:23,180: INFO/Worker-1] {'第二': '1402ms'}
2022-05-13 16:01:23,180 - 测试 - INFO - {'test时间': '1402ms'}
[2022-05-13 16:01:23,180: INFO/Worker-1] {'test时间': '1402ms'}
2022-05-13 16:01:23,180 - 测试 - INFO - {'页面加载完成': '1402ms'}
[2022-05-13 16:01:23,180: INFO/Worker-1] {'页面加载完成': '1402ms'}
2022-05-13 16:01:23,878 - 测试 - INFO - {'页面加载时间': '1793ms', '白屏时间': '851ms', 'DOM加载时间': '1770ms', '资源加载最大耗时': '1492ms'}
[2022-05-13 16:01:23,878: INFO/Worker-1] {'页面加载时间': '1793ms', '白屏时间': '851ms', 'DOM加载时间': '1770ms', '资源加载最大耗时': '1492ms'}
2022-05-13 16:01:23,878 - 测试 - INFO - 第1步:左键点击薪资高级版主菜单
[2022-05-13 16:01:23,878: INFO/Worker-1] 第1步:左键点击薪资高级版主菜单
2022-05-13 16:01:23,878 - 测试 - INFO - {'第一': 698}
[2022-05-13 16:01:23,878: INFO/Worker-1] {'第一': 698}
2022-05-13 16:01:24,958 - 计时 - INFO - 1074ms
[2022-05-13 16:01:24,958: INFO/Worker-1] 1074ms
2022-05-13 16:01:26,167 - 测试 - INFO - {'第二': '2987ms'}
[2022-05-13 16:01:26,167: INFO/Worker-1] {'第二': '2987ms'}
2022-05-13 16:01:26,167 - 测试 - INFO - {'test时间': '2289ms'}
[2022-05-13 16:01:26,167: INFO/Worker-1] {'test时间': '2289ms'}
2022-05-13 16:01:26,167 - 测试 - INFO - {'页面加载完成': '2289ms'}
[2022-05-13 16:01:26,167: INFO/Worker-1] {'页面加载完成': '2289ms'}
2022-05-13 16:01:26,167 - 测试 - INFO - 第2步:左键点击薪税通子菜单
[2022-05-13 16:01:26,167: INFO/Worker-1] 第2步:左键点击薪税通子菜单
2022-05-13 16:01:26,167 - 测试 - INFO - {'第一': 0}
[2022-05-13 16:01:26,167: INFO/Worker-1] {'第一': 0}
2022-05-13 16:01:28,263 - 计时 - INFO - 2087ms
[2022-05-13 16:01:28,263: INFO/Worker-1] 2087ms
2022-05-13 16:01:28,876 - 测试 - INFO - {'第二': '2710ms'}
[2022-05-13 16:01:28,876: INFO/Worker-1] {'第二': '2710ms'}
2022-05-13 16:01:28,877 - 测试 - INFO - {'test时间': '2710ms'}
[2022-05-13 16:01:28,877: INFO/Worker-1] {'test时间': '2710ms'}
2022-05-13 16:01:28,877 - 测试 - INFO - {'页面加载完成': '2710ms'}
[2022-05-13 16:01:28,877: INFO/Worker-1] {'页面加载完成': '2710ms'}
2022-05-13 16:01:28,877 - 测试 - INFO - 第3步:左键点击企业报税登记tab
[2022-05-13 16:01:28,877: INFO/Worker-1] 第3步:左键点击企业报税登记tab
2022-05-13 16:01:28,877 - 测试 - INFO - {'第一': 0}
[2022-05-13 16:01:28,877: INFO/Worker-1] {'第一': 0}
2022-05-13 16:01:29,023 - 计时 - INFO - 140ms
[2022-05-13 16:01:29,023: INFO/Worker-1] 140ms
2022-05-13 16:01:29,023 - 计时 - INFO - 140ms
[2022-05-13 16:01:29,023: INFO/Worker-1] 140ms
2022-05-13 16:01:29,023 - 测试 - INFO - {'第二': '146ms'}
[2022-05-13 16:01:29,023: INFO/Worker-1] {'第二': '146ms'}
2022-05-13 16:01:29,023 - 测试 - INFO - {'test时间': '146ms'}
[2022-05-13 16:01:29,023: INFO/Worker-1] {'test时间': '146ms'}
2022-05-13 16:01:29,024 - 测试 - INFO - {'页面加载完成': '146ms'}
[2022-05-13 16:01:29,024: INFO/Worker-1] {'页面加载完成': '146ms'}
2022-05-13 16:01:29,024 - 测试 - INFO - 第4步:断言元素存在成本管理校验
[2022-05-13 16:01:29,024: INFO/Worker-1] 第4步:断言元素存在成本管理校验
2022-05-13 16:01:29,024 - 测试 - INFO - {'第一': 0}
[2022-05-13 16:01:29,024: INFO/Worker-1] {'第一': 0}
2022-05-13 16:01:29,108 - 计时 - INFO - 78ms
[2022-05-13 16:01:29,108: INFO/Worker-1] 78ms
2022-05-13 16:01:29,365 - 测试 - INFO - {'第二': '341ms'}
[2022-05-13 16:01:29,365: INFO/Worker-1] {'第二': '341ms'}
2022-05-13 16:01:29,365 - 测试 - INFO - {'test时间': '341ms'}
[2022-05-13 16:01:29,365: INFO/Worker-1] {'test时间': '341ms'}
2022-05-13 16:01:29,365 - 测试 - INFO - {'页面加载完成': '341ms'}
[2022-05-13 16:01:29,365: INFO/Worker-1] {'页面加载完成': '341ms'}
2022-05-13 16:01:29,365 - 测试 - INFO - 第5步:左键点击纳税人管理tab
[2022-05-13 16:01:29,365: INFO/Worker-1] 第5步:左键点击纳税人管理tab
2022-05-13 16:01:29,365 - 测试 - INFO - {'第一': 0}
[2022-05-13 16:01:29,365: INFO/Worker-1] {'第一': 0}
2022-05-13 16:01:31,457 - 计时 - INFO - 2086ms
[2022-05-13 16:01:31,457: INFO/Worker-1] 2086ms
2022-05-13 16:01:31,458 - 计时 - INFO - 2087ms
[2022-05-13 16:01:31,458: INFO/Worker-1] 2087ms
2022-05-13 16:01:31,458 - 测试 - INFO - {'第二': '2093ms'}
[2022-05-13 16:01:31,458: INFO/Worker-1] {'第二': '2093ms'}
2022-05-13 16:01:31,458 - 测试 - INFO - {'test时间': '2093ms'}
[2022-05-13 16:01:31,458: INFO/Worker-1] {'test时间': '2093ms'}
2022-05-13 16:01:31,458 - 测试 - INFO - {'页面加载完成': '2093ms'}
[2022-05-13 16:01:31,458: INFO/Worker-1] {'页面加载完成': '2093ms'}
2022-05-13 16:01:31,458 - 测试 - INFO - 第6步:断言元素存在成本管理校验
[2022-05-13 16:01:31,458: INFO/Worker-1] 第6步:断言元素存在成本管理校验
2022-05-13 16:01:31,458 - 测试 - INFO - {'第一': 0}
[2022-05-13 16:01:31,458: INFO/Worker-1] {'第一': 0}
2022-05-13 16:01:31,491 - 计时 - INFO - 27ms
[2022-05-13 16:01:31,491: INFO/Worker-1] 27ms
2022-05-13 16:01:31,647 - 测试 - INFO - {'第二': '189ms'}
[2022-05-13 16:01:31,647: INFO/Worker-1] {'第二': '189ms'}
2022-05-13 16:01:31,647 - 测试 - INFO - {'test时间': '189ms'}
[2022-05-13 16:01:31,647: INFO/Worker-1] {'test时间': '189ms'}
2022-05-13 16:01:31,647 - 测试 - INFO - {'页面加载完成': '189ms'}
[2022-05-13 16:01:31,647: INFO/Worker-1] {'页面加载完成': '189ms'}
2022-05-13 16:01:31,647 - 测试 - INFO - 第7步:左键点击个税申报tab
[2022-05-13 16:01:31,647: INFO/Worker-1] 第7步:左键点击个税申报tab
2022-05-13 16:01:31,647 - 测试 - INFO - {'第一': 0}
[2022-05-13 16:01:31,647: INFO/Worker-1] {'第一': 0}
2022-05-13 16:01:32,893 - 计时 - INFO - 1235ms
[2022-05-13 16:01:32,893: INFO/Worker-1] 1235ms
2022-05-13 16:01:32,893 - 计时 - INFO - 1236ms
[2022-05-13 16:01:32,893: INFO/Worker-1] 1236ms
2022-05-13 16:01:32,893 - 测试 - INFO - {'第二': '1246ms'}
[2022-05-13 16:01:32,893: INFO/Worker-1] {'第二': '1246ms'}
2022-05-13 16:01:32,893 - 测试 - INFO - {'test时间': '1246ms'}
[2022-05-13 16:01:32,893: INFO/Worker-1] {'test时间': '1246ms'}
2022-05-13 16:01:32,894 - 测试 - INFO - {'页面加载完成': '1246ms'}
[2022-05-13 16:01:32,894: INFO/Worker-1] {'页面加载完成': '1246ms'}
2022-05-13 16:01:32,894 - 测试 - INFO - 第8步:断言元素存在成本管理校验
[2022-05-13 16:01:32,894: INFO/Worker-1] 第8步:断言元素存在成本管理校验
2022-05-13 16:01:32,894 - 测试 - INFO - {'第一': 0}
[2022-05-13 16:01:32,894: INFO/Worker-1] {'第一': 0}
2022-05-13 16:01:32,940 - 计时 - INFO - 39ms
[2022-05-13 16:01:32,940: INFO/Worker-1] 39ms
2022-05-13 16:01:33,261 - 测试 - INFO - {'第二': '367ms'}
[2022-05-13 16:01:33,261: INFO/Worker-1] {'第二': '367ms'}
2022-05-13 16:01:33,261 - 测试 - INFO - {'test时间': '367ms'}
[2022-05-13 16:01:33,261: INFO/Worker-1] {'test时间': '367ms'}
2022-05-13 16:01:33,262 - 测试 - INFO - {'页面加载完成': '367ms'}
[2022-05-13 16:01:33,262: INFO/Worker-1] {'页面加载完成': '367ms'}
2022-05-13 16:01:33,262 - 测试 - INFO - 第9步:左键点击个税缴款tab
[2022-05-13 16:01:33,262: INFO/Worker-1] 第9步:左键点击个税缴款tab
2022-05-13 16:01:33,262 - 测试 - INFO - {'第一': 0}
[2022-05-13 16:01:33,262: INFO/Worker-1] {'第一': 0}
2022-05-13 16:01:34,361 - 计时 - INFO - 1093ms
[2022-05-13 16:01:34,361: INFO/Worker-1] 1093ms
2022-05-13 16:01:34,361 - 计时 - INFO - 1093ms
[2022-05-13 16:01:34,361: INFO/Worker-1] 1093ms
2022-05-13 16:01:34,361 - 测试 - INFO - {'第二': '1099ms'}
[2022-05-13 16:01:34,361: INFO/Worker-1] {'第二': '1099ms'}
2022-05-13 16:01:34,361 - 测试 - INFO - {'test时间': '1099ms'}
[2022-05-13 16:01:34,361: INFO/Worker-1] {'test时间': '1099ms'}
2022-05-13 16:01:34,361 - 测试 - INFO - {'页面加载完成': '1099ms'}
[2022-05-13 16:01:34,361: INFO/Worker-1] {'页面加载完成': '1099ms'}
2022-05-13 16:01:34,361 - 测试 - INFO - 第10步:断言元素存在成本管理校验
[2022-05-13 16:01:34,361: INFO/Worker-1] 第10步:断言元素存在成本管理校验
2022-05-13 16:01:34,361 - 测试 - INFO - {'第一': 0}
[2022-05-13 16:01:34,361: INFO/Worker-1] {'第一': 0}
2022-05-13 16:01:34,409 - 计时 - INFO - 38ms
[2022-05-13 16:01:34,409: INFO/Worker-1] 38ms
2022-05-13 16:01:34,592 - 测试 - INFO - {'第二': '231ms'}
[2022-05-13 16:01:34,592: INFO/Worker-1] {'第二': '231ms'}
2022-05-13 16:01:34,592 - 测试 - INFO - {'test时间': '231ms'}
[2022-05-13 16:01:34,592: INFO/Worker-1] {'test时间': '231ms'}
2022-05-13 16:01:34,593 - 测试 - INFO - {'页面加载完成': '231ms'}
[2022-05-13 16:01:34,593: INFO/Worker-1] {'页面加载完成': '231ms'}
2022-05-13 16:01:34,593 - 测试 - INFO - 第11步:左键点击账户管理tab
[2022-05-13 16:01:34,593: INFO/Worker-1] 第11步:左键点击账户管理tab
2022-05-13 16:01:34,593 - 测试 - INFO - {'第一': 0}
[2022-05-13 16:01:34,593: INFO/Worker-1] {'第一': 0}
2022-05-13 16:01:35,553 - 计时 - INFO - 953ms
[2022-05-13 16:01:35,553: INFO/Worker-1] 953ms
2022-05-13 16:01:35,553 - 计时 - INFO - 953ms
[2022-05-13 16:01:35,553: INFO/Worker-1] 953ms
2022-05-13 16:01:35,553 - 测试 - INFO - {'第二': '960ms'}
[2022-05-13 16:01:35,553: INFO/Worker-1] {'第二': '960ms'}
2022-05-13 16:01:35,553 - 测试 - INFO - {'test时间': '960ms'}
[2022-05-13 16:01:35,553: INFO/Worker-1] {'test时间': '960ms'}
2022-05-13 16:01:35,553 - 测试 - INFO - {'页面加载完成': '960ms'}
[2022-05-13 16:01:35,553: INFO/Worker-1] {'页面加载完成': '960ms'}
2022-05-13 16:01:35,553 - 测试 - INFO - 第12步:断言元素存在成本管理校验
[2022-05-13 16:01:35,553: INFO/Worker-1] 第12步:断言元素存在成本管理校验
2022-05-13 16:01:35,553 - 测试 - INFO - {'第一': 0}
[2022-05-13 16:01:35,553: INFO/Worker-1] {'第一': 0}
2022-05-13 16:01:37,555 - 测试 - INFO - {'第二': '2002ms'}
[2022-05-13 16:01:37,555: INFO/Worker-1] {'第二': '2002ms'}
2022-05-13 16:01:37,555 - 测试 - INFO - {'test时间': '2002ms'}
[2022-05-13 16:01:37,555: INFO/Worker-1] {'test时间': '2002ms'}
2022-05-13 16:01:37,555 - 测试 - INFO - {'页面加载完成': '2002ms'}
[2022-05-13 16:01:37,555: INFO/Worker-1] {'页面加载完成': '2002ms'}
2022-05-13 16:01:37,555 - 测试 - INFO - 第13步:线程休眠2
[2022-05-13 16:01:37,555: INFO/Worker-1] 第13步:线程休眠2
2022-05-13 16:01:39,587 - 计时 - INFO - 30ms
[2022-05-13 16:01:39,587: INFO/Worker-1] 30ms
[2022-05-13 16:01:39,597: WARNING/Worker-1] 2022-05-13 16:01:39,597 - 111 - INFO - 个税申报
[2022-05-13 16:01:39,597: INFO/Worker-1] 个税申报
2022-05-13 16:01:39,607 - 计时 - INFO - 50ms
[2022-05-13 16:01:39,607: INFO/Worker-1] 50ms
2022-05-13 16:01:44,042 - 测试 - INFO - 测试通过，预期断言值包含匹配实际断言值。
[2022-05-13 16:01:44,042: INFO/Worker-1] 测试通过，预期断言值包含匹配实际断言值。
[2022-05-13 16:01:44,338: INFO/MainProcess] Task Product.tasks.SplitTaskRan[dba9a61c-5040-4364-9072-fa429b8fc042] succeeded in 49.186999999918044s: None
[2022-05-13 16:01:44,978: WARNING/Worker-1] 钉钉消息推送失败：{"errcode":310000,"errmsg":"keywords not in content, more: [https://ding-doc.dingtalk.com/doc#/serverapi2/qf2nxq]"}
[2022-05-13 16:01:44,978: INFO/MainProcess] Task Product.tasks.SplitTaskRunning[220971d6-f470-47eb-bc77-bcf02a572009] succeeded in 49.82700000051409s: None
